La génération a démarré 12/11/2012 18:56:08.
     1>Projet "D:\Sylvain\Instru\SpinToolBox V2.6\src\plugins\SScript\SScriptZlib\SScriptZlib\SScriptZlib.vcxproj" sur le nœud 2 (build cible(s)).
     1>C:\Program Files\MSBuild\Microsoft.Cpp\v4.0\Microsoft.CppBuild.targets(299,5): warning MSB8004: Le répertoire Output ne se termine pas par une barre oblique finale.  Cette instance de build ajoutera une barre oblique, comme requis, pour permettre l'évaluation correcte du répertoire Output.
     1>InitializeBuildStatus:
         Mise à jour de l'horodatage "D:\Sylvain\Instru\SpinToolBox V2.6\src\..\bin\obj\SScriptZlib\debug\SScriptZlib.unsuccessfulbuild".
       ClCompile:
         C:\Program Files\Microsoft Visual Studio 10.0\VC\bin\CL.exe /c /I.\GeneratedFiles /I. /IC:\Qt\4.7.2\include /I.\GeneratedFiles\Debug /IC:\Qt\4.7.2\include\QtCore /IC:\Qt\4.7.2\include\QtScript /Zi /nologo /W1 /WX- /Od /Oy- /D UNICODE /D WIN32 /D QT_LARGEFILE_SUPPORT /D QT_DLL /D QT_CORE_LIB /D QT_SCRIPT_LIB /D SSCRIPTZLIB_LIB /D _WINDLL /Gm- /EHsc /MDd /GS /fp:precise /Zc:wchar_t- /Zc:forScope /Fo"D:\Sylvain\Instru\SpinToolBox V2.6\src\..\bin\obj\SScriptZlib\debug\\" /Fd"D:\Sylvain\Instru\SpinToolBox V2.6\src\..\bin\obj\SScriptZlib\debug\vc100.pdb" /Gd /TP /analyze- /errorReport:prompt SScriptZlib.cpp
         SScriptZlib.cpp
       Link:
         C:\Program Files\Microsoft Visual Studio 10.0\VC\bin\link.exe /ERRORREPORT:PROMPT /OUT:"D:\Sylvain\Instru\SpinToolBox V2.6\src\\..\bin\debug\plugins\plugins\script\\SScriptZlib.dll" /NOLOGO /LIBPATH:C:\Qt\4.7.2\lib qtmaind.lib QtCored4.lib QtScriptd4.lib kernel32.lib user32.lib gdi32.lib winspool.lib comdlg32.lib advapi32.lib shell32.lib ole32.lib oleaut32.lib uuid.lib odbc32.lib odbccp32.lib /MANIFEST /ManifestFile:"D:\Sylvain\Instru\SpinToolBox V2.6\src\..\bin\obj\SScriptZlib\debug\SScriptZlib.dll.intermediate.manifest" /MANIFESTUAC:"level='asInvoker' uiAccess='false'" /DEBUG /PDB:"D:\Sylvain\Instru\SpinToolBox V2.6\bin\debug\plugins\plugins\script\SScriptZlib.pdb" /SUBSYSTEM:WINDOWS /TLBID:1 /DYNAMICBASE /NXCOMPAT /IMPLIB:"D:\Sylvain\Instru\SpinToolBox V2.6\src\\..\bin\debug\plugins\plugins\script\SScriptZlib.lib" /MACHINE:X86 /DLL "D:\Sylvain\Instru\SpinToolBox V2.6\src\..\bin\obj\SScriptZlib\debug\SScriptZlib.obj"
            Création de la bibliothèque D:\Sylvain\Instru\SpinToolBox V2.6\src\\..\bin\debug\plugins\plugins\script\SScriptZlib.lib et de l'objet D:\Sylvain\Instru\SpinToolBox V2.6\src\\..\bin\debug\plugins\plugins\script\SScriptZlib.exp
         SScriptZlib.vcxproj -> D:\Sylvain\Instru\SpinToolBox V2.6\src\\..\bin\debug\plugins\plugins\script\SScriptZlib.dll
       Manifest:
         C:\Program Files\Microsoft SDKs\Windows\v7.0A\bin\mt.exe /nologo /verbose /outputresource:"D:\Sylvain\Instru\SpinToolBox V2.6\src\\..\bin\debug\plugins\plugins\script\\SScriptZlib.dll;#2" /manifest "D:\Sylvain\Instru\SpinToolBox V2.6\src\..\bin\obj\SScriptZlib\debug\SScriptZlib.dll.intermediate.manifest"
       FinalizeBuildStatus:
         Suppression du fichier "D:\Sylvain\Instru\SpinToolBox V2.6\src\..\bin\obj\SScriptZlib\debug\SScriptZlib.unsuccessfulbuild".
         Mise à jour de l'horodatage "D:\Sylvain\Instru\SpinToolBox V2.6\src\..\bin\obj\SScriptZlib\debug\SScriptZlib.lastbuildstate".
     1>Génération du projet "D:\Sylvain\Instru\SpinToolBox V2.6\src\plugins\SScript\SScriptZlib\SScriptZlib\SScriptZlib.vcxproj" terminée (build cible(s)).

La génération a réussi.

Temps écoulé 00:00:02.09
