D:\Sylvain\Instru\SpinToolBox V2.6\bin\obj\SDeviceApsin20g\debug\cl.command.1.tlog
D:\Sylvain\Instru\SpinToolBox V2.6\bin\obj\SDeviceApsin20g\debug\CL.read.1.tlog
D:\Sylvain\Instru\SpinToolBox V2.6\bin\obj\SDeviceApsin20g\debug\CL.write.1.tlog
D:\Sylvain\Instru\SpinToolBox V2.6\bin\obj\SDeviceApsin20g\debug\custombuild.command.1.tlog
D:\Sylvain\Instru\SpinToolBox V2.6\bin\obj\SDeviceApsin20g\debug\custombuild.read.1.tlog
D:\Sylvain\Instru\SpinToolBox V2.6\bin\obj\SDeviceApsin20g\debug\custombuild.write.1.tlog
D:\Sylvain\Instru\SpinToolBox V2.6\bin\obj\SDeviceApsin20g\debug\link.command.1.tlog
D:\Sylvain\Instru\SpinToolBox V2.6\bin\obj\SDeviceApsin20g\debug\link.read.1.tlog
D:\Sylvain\Instru\SpinToolBox V2.6\bin\obj\SDeviceApsin20g\debug\link.write.1.tlog
D:\SYLVAIN\INSTRU\SPINTOOLBOX V2.6\BIN\OBJ\SDEVICEAPSIN20G\DEBUG\MOC_SDEVICEAPSIN20G.OBJ
D:\SYLVAIN\INSTRU\SPINTOOLBOX V2.6\BIN\OBJ\SDEVICEAPSIN20G\DEBUG\MOC_SUICPAPSIN20G.OBJ
D:\SYLVAIN\INSTRU\SPINTOOLBOX V2.6\BIN\OBJ\SDEVICEAPSIN20G\DEBUG\QRC_IMAGE.OBJ
D:\Sylvain\Instru\SpinToolBox V2.6\bin\obj\SDeviceApsin20g\debug\SDeviceApsin20g.dll.intermediate.manifest
D:\SYLVAIN\INSTRU\SPINTOOLBOX V2.6\BIN\OBJ\SDEVICEAPSIN20G\DEBUG\SDEVICEAPSIN20G.OBJ
D:\SYLVAIN\INSTRU\SPINTOOLBOX V2.6\BIN\OBJ\SDEVICEAPSIN20G\DEBUG\SUICPAPSIN20G.OBJ
D:\SYLVAIN\INSTRU\SPINTOOLBOX V2.6\BIN\OBJ\SDEVICEAPSIN20G\DEBUG\VC100.PDB
D:\Sylvain\Instru\SpinToolBox V2.6\src\\..\bin\debug\plugins\SDevice\SDeviceApsin20g.pdb
D:\SYLVAIN\INSTRU\SPINTOOLBOX V2.6\SRC\PLUGINS\SDEVICE\SDEVICEAPSIN20G\GENERATEDFILES\DEBUG\MOC_SDEVICEAPSIN20G.CPP
D:\SYLVAIN\INSTRU\SPINTOOLBOX V2.6\SRC\PLUGINS\SDEVICE\SDEVICEAPSIN20G\GENERATEDFILES\DEBUG\MOC_SUICPAPSIN20G.CPP
D:\SYLVAIN\INSTRU\SPINTOOLBOX V2.6\SRC\PLUGINS\SDEVICE\SDEVICEAPSIN20G\GENERATEDFILES\QRC_IMAGE.CPP
D:\SYLVAIN\INSTRU\SPINTOOLBOX V2.6\SRC\PLUGINS\SDEVICE\SDEVICEAPSIN20G\GENERATEDFILES\UI_SUICPAPSIN20G.H
