D:\SYLVAIN\INSTRU\SPINTOOLBOX V2.6\BIN\LIB\DEBUG\SPINTOOLBOXSDK.LIB
D:\Sylvain\Instru\SpinToolBox V2.6\bin\lib\SDK\debug\cl.command.1.tlog
D:\Sylvain\Instru\SpinToolBox V2.6\bin\lib\SDK\debug\CL.read.1.tlog
D:\Sylvain\Instru\SpinToolBox V2.6\bin\lib\SDK\debug\CL.write.1.tlog
D:\Sylvain\Instru\SpinToolBox V2.6\bin\lib\SDK\debug\custombuild.command.1.tlog
D:\Sylvain\Instru\SpinToolBox V2.6\bin\lib\SDK\debug\custombuild.read.1.tlog
D:\Sylvain\Instru\SpinToolBox V2.6\bin\lib\SDK\debug\custombuild.write.1.tlog
D:\Sylvain\Instru\SpinToolBox V2.6\bin\lib\SDK\debug\lib.command.1.tlog
D:\Sylvain\Instru\SpinToolBox V2.6\bin\lib\SDK\debug\Lib-link.read.1.tlog
D:\Sylvain\Instru\SpinToolBox V2.6\bin\lib\SDK\debug\Lib-link.write.1.tlog
D:\SYLVAIN\INSTRU\SPINTOOLBOX V2.6\BIN\LIB\SDK\DEBUG\MOC_QCUSTOMPLOT.OBJ
D:\SYLVAIN\INSTRU\SPINTOOLBOX V2.6\BIN\LIB\SDK\DEBUG\MOC_QSCIENCESPINBOX.OBJ
D:\SYLVAIN\INSTRU\SPINTOOLBOX V2.6\BIN\LIB\SDK\DEBUG\MOC_QTECHSPINBOX.OBJ
D:\SYLVAIN\INSTRU\SPINTOOLBOX V2.6\BIN\LIB\SDK\DEBUG\MOC_SDATA2DSCRIPT.OBJ
D:\SYLVAIN\INSTRU\SPINTOOLBOX V2.6\BIN\LIB\SDK\DEBUG\MOC_SPLOT2D.OBJ
D:\SYLVAIN\INSTRU\SPINTOOLBOX V2.6\BIN\LIB\SDK\DEBUG\MOC_SUILBLLED.OBJ
D:\SYLVAIN\INSTRU\SPINTOOLBOX V2.6\BIN\LIB\SDK\DEBUG\QCUSTOMPLOT.OBJ
D:\SYLVAIN\INSTRU\SPINTOOLBOX V2.6\BIN\LIB\SDK\DEBUG\QSCIENCESPINBOX.OBJ
D:\SYLVAIN\INSTRU\SPINTOOLBOX V2.6\BIN\LIB\SDK\DEBUG\QTECHSPINBOX.OBJ
D:\SYLVAIN\INSTRU\SPINTOOLBOX V2.6\BIN\LIB\SDK\DEBUG\SDATA.OBJ
D:\SYLVAIN\INSTRU\SPINTOOLBOX V2.6\BIN\LIB\SDK\DEBUG\SDATA2D.OBJ
D:\SYLVAIN\INSTRU\SPINTOOLBOX V2.6\BIN\LIB\SDK\DEBUG\SDATA2DSCRIPT.OBJ
D:\SYLVAIN\INSTRU\SPINTOOLBOX V2.6\BIN\LIB\SDK\DEBUG\SDATAND.OBJ
D:\SYLVAIN\INSTRU\SPINTOOLBOX V2.6\BIN\LIB\SDK\DEBUG\SERROR.OBJ
D:\SYLVAIN\INSTRU\SPINTOOLBOX V2.6\BIN\LIB\SDK\DEBUG\SPLOT2D.OBJ
D:\SYLVAIN\INSTRU\SPINTOOLBOX V2.6\BIN\LIB\SDK\DEBUG\SUILBLLED.OBJ
D:\SYLVAIN\INSTRU\SPINTOOLBOX V2.6\BIN\LIB\SDK\DEBUG\VC100.PDB
D:\SYLVAIN\INSTRU\SPINTOOLBOX V2.6\SRC\SDK\SDK\GENERATEDFILES\DEBUG\MOC_QCUSTOMPLOT.CPP
D:\SYLVAIN\INSTRU\SPINTOOLBOX V2.6\SRC\SDK\SDK\GENERATEDFILES\DEBUG\MOC_QSCIENCESPINBOX.CPP
D:\SYLVAIN\INSTRU\SPINTOOLBOX V2.6\SRC\SDK\SDK\GENERATEDFILES\DEBUG\MOC_QTECHSPINBOX.CPP
D:\SYLVAIN\INSTRU\SPINTOOLBOX V2.6\SRC\SDK\SDK\GENERATEDFILES\DEBUG\MOC_SDATA2DSCRIPT.CPP
D:\SYLVAIN\INSTRU\SPINTOOLBOX V2.6\SRC\SDK\SDK\GENERATEDFILES\DEBUG\MOC_SPLOT2D.CPP
D:\SYLVAIN\INSTRU\SPINTOOLBOX V2.6\SRC\SDK\SDK\GENERATEDFILES\DEBUG\MOC_SUILBLLED.CPP
D:\SYLVAIN\INSTRU\SPINTOOLBOX V2.6\SRC\SDK\SDK\GENERATEDFILES\UI_SPLOTIMAGESIZE.H
D:\SYLVAIN\INSTRU\SPINTOOLBOX V2.6\SRC\SDK\SDK\GENERATEDFILES\UI_SPLOTSETSCALE.H
