La génération a démarré 26/07/2013 16:13:11.
     1>Projet "D:\Sylvain\Instru\SpinToolBox V2.6\src\SDK\SDK\SDK.vcxproj" sur le nœud 2 (build cible(s)).
     1>InitializeBuildStatus:
         Création de "D:\Sylvain\Instru\SpinToolBox V2.6\src\..\bin\obj\lib\SDK\debug\SDK.unsuccessfulbuild", car "AlwaysCreate" a été spécifié.
       CustomBuild:
         Moc'ing SData\SData2DScript.h...
         Moc'ing SPlot\SPlot2D.h...
         Moc'ing qcustomplot.h...
         Moc'ing QTechSpinBox.h...
         Moc'ing SUi\SUiLblLed.h...
         Moc'ing SUi\QScienceSpinBox.h...
       ClCompile:
         C:\Program Files\Microsoft Visual Studio 10.0\VC\bin\CL.exe /c /I.\GeneratedFiles /IC:\Qt\4.7.2\include /I.\GeneratedFiles\Debug /IC:\Qt\4.7.2\include\qtmain /IC:\Qt\4.7.2\include\QtCore /IC:\Qt\4.7.2\include\QtGui /IC:\Qt\4.7.2\include\QtScript /I.\ /I"D:\Sylvain\Instru\SpinToolBox V2.6\src\SDK\\" /Zi /nologo /W1 /WX- /Od /Oy- /D UNICODE /D WIN32 /D QT_LARGEFILE_SUPPORT /D QT_CORE_LIB /D QT_GUI_LIB /D QT_SCRIPT_LIB /D SDK_LIB /D QWT_DLL /D QT_DLL /Gm- /EHsc /MDd /GS /fp:precise /Zc:wchar_t- /Zc:forScope /Fo"D:\Sylvain\Instru\SpinToolBox V2.6\src\..\bin\obj\lib\SDK\debug\\" /Fd"D:\Sylvain\Instru\SpinToolBox V2.6\src\..\bin\obj\lib\SDK\debug\vc100.pdb" /Gd /TP /analyze- /errorReport:prompt GeneratedFiles\Debug\moc_qcustomplot.cpp GeneratedFiles\Debug\moc_QScienceSpinBox.cpp GeneratedFiles\Debug\moc_QTechSpinBox.cpp GeneratedFiles\Debug\moc_SData2DScript.cpp GeneratedFiles\Debug\moc_SPlot2D.cpp GeneratedFiles\Debug\moc_SUiLblLed.cpp SData\SData.cpp SData\SData2D.cpp SData\SData2DScript.cpp SData\SDataND.cpp SError.cpp SPlot\qcustomplot.cpp SPlot\SPlot2D.cpp SUi\QScienceSpinBox.cpp SUi\QTechSpinBox.cpp SUi\SUiLblLed.cpp
         moc_qcustomplot.cpp
         moc_QScienceSpinBox.cpp
         moc_QTechSpinBox.cpp
         moc_SData2DScript.cpp
         moc_SPlot2D.cpp
         moc_SUiLblLed.cpp
         SData.cpp
         SData2D.cpp
         SData2DScript.cpp
         SDataND.cpp
         SError.cpp
         qcustomplot.cpp
         SPlot2D.cpp
         QScienceSpinBox.cpp
         QTechSpinBox.cpp
         SUiLblLed.cpp
         Génération de code en cours...
       Lib:
         C:\Program Files\Microsoft Visual Studio 10.0\VC\bin\Lib.exe /OUT:"D:\Sylvain\Instru\SpinToolBox V2.6\src\..\bin\lib\debug\\SpinToolBoxSDK.lib" /LIBPATH:C:\Qt\4.7.2\lib /NOLOGO "D:\Sylvain\Instru\SpinToolBox V2.6\src\..\bin\obj\lib\SDK\debug\moc_qcustomplot.obj"
         "D:\Sylvain\Instru\SpinToolBox V2.6\src\..\bin\obj\lib\SDK\debug\moc_QScienceSpinBox.obj"
         "D:\Sylvain\Instru\SpinToolBox V2.6\src\..\bin\obj\lib\SDK\debug\moc_QTechSpinBox.obj"
         "D:\Sylvain\Instru\SpinToolBox V2.6\src\..\bin\obj\lib\SDK\debug\moc_SData2DScript.obj"
         "D:\Sylvain\Instru\SpinToolBox V2.6\src\..\bin\obj\lib\SDK\debug\moc_SPlot2D.obj"
         "D:\Sylvain\Instru\SpinToolBox V2.6\src\..\bin\obj\lib\SDK\debug\moc_SUiLblLed.obj"
         "D:\Sylvain\Instru\SpinToolBox V2.6\src\..\bin\obj\lib\SDK\debug\SData.obj"
         "D:\Sylvain\Instru\SpinToolBox V2.6\src\..\bin\obj\lib\SDK\debug\SData2D.obj"
         "D:\Sylvain\Instru\SpinToolBox V2.6\src\..\bin\obj\lib\SDK\debug\SData2DScript.obj"
         "D:\Sylvain\Instru\SpinToolBox V2.6\src\..\bin\obj\lib\SDK\debug\SDataND.obj"
         "D:\Sylvain\Instru\SpinToolBox V2.6\src\..\bin\obj\lib\SDK\debug\SError.obj"
         "D:\Sylvain\Instru\SpinToolBox V2.6\src\..\bin\obj\lib\SDK\debug\qcustomplot.obj"
         "D:\Sylvain\Instru\SpinToolBox V2.6\src\..\bin\obj\lib\SDK\debug\SPlot2D.obj"
         "D:\Sylvain\Instru\SpinToolBox V2.6\src\..\bin\obj\lib\SDK\debug\QScienceSpinBox.obj"
         "D:\Sylvain\Instru\SpinToolBox V2.6\src\..\bin\obj\lib\SDK\debug\QTechSpinBox.obj"
         "D:\Sylvain\Instru\SpinToolBox V2.6\src\..\bin\obj\lib\SDK\debug\SUiLblLed.obj"
         SDK.vcxproj -> D:\Sylvain\Instru\SpinToolBox V2.6\src\..\bin\lib\debug\SpinToolBoxSDK.lib
       FinalizeBuildStatus:
         Suppression du fichier "D:\Sylvain\Instru\SpinToolBox V2.6\src\..\bin\obj\lib\SDK\debug\SDK.unsuccessfulbuild".
         Mise à jour de l'horodatage "D:\Sylvain\Instru\SpinToolBox V2.6\src\..\bin\obj\lib\SDK\debug\SDK.lastbuildstate".
     1>Génération du projet "D:\Sylvain\Instru\SpinToolBox V2.6\src\SDK\SDK\SDK.vcxproj" terminée (build cible(s)).

La génération a réussi.

Temps écoulé 00:00:29.04
