La génération a démarré 20/11/2012 14:44:04.
     1>Projet "D:\Sylvain\Instru\SpinToolBox V2.6\src\plugins\SDevice\SDeviceGpib\SDeviceGpib.vcxproj" sur le nœud 2 (build cible(s)).
     1>InitializeBuildStatus:
         Création de "D:\Sylvain\Instru\SpinToolBox V2.6\src\..\bin\obj\SDeviceGpib\debug\SDeviceGpib.unsuccessfulbuild", car "AlwaysCreate" a été spécifié.
       CustomBuild:
         Toutes les sorties sont à jour.
       ClCompile:
         Toutes les sorties sont à jour.
       Link:
         C:\Program Files\Microsoft Visual Studio 10.0\VC\bin\link.exe /ERRORREPORT:PROMPT /OUT:"D:\Sylvain\Instru\SpinToolBox V2.6\src\\..\bin\debug\plugins\SDevice\\SDeviceGpib.dll" /NOLOGO /LIBPATH:C:\Qt\4.7.2\lib /LIBPATH:"D:\Sylvain\Instru\SpinToolBox V2.6\bin\lib\debug" qtmaind.lib QtCored4.lib QtScriptd4.lib SpinToolBoxSDK.lib QtGuid4.lib SpinToolBoxSDKDevice.lib kernel32.lib user32.lib gdi32.lib winspool.lib comdlg32.lib advapi32.lib shell32.lib ole32.lib oleaut32.lib uuid.lib odbc32.lib odbccp32.lib /MANIFEST /ManifestFile:"D:\Sylvain\Instru\SpinToolBox V2.6\src\..\bin\obj\SDeviceGpib\debug\SDeviceGpib.dll.intermediate.manifest" /MANIFESTUAC:"level='asInvoker' uiAccess='false'" /DEBUG /PDB:"D:\Sylvain\Instru\SpinToolBox V2.6\bin\debug\plugins\SDevice\SDeviceGpib.pdb" /SUBSYSTEM:WINDOWS /TLBID:1 /DYNAMICBASE /NXCOMPAT /IMPLIB:"D:\Sylvain\Instru\SpinToolBox V2.6\src\\..\bin\debug\plugins\SDevice\SDeviceGpib.lib" /MACHINE:X86 /DLL "D:\Sylvain\Instru\SpinToolBox V2.6\src\..\bin\obj\SDeviceGpib\debug\moc_SDeviceGpib.obj"
         "D:\Sylvain\Instru\SpinToolBox V2.6\src\..\bin\obj\SDeviceGpib\debug\SDeviceGpib.obj"
         LINK : D:\Sylvain\Instru\SpinToolBox V2.6\src\\..\bin\debug\plugins\SDevice\\SDeviceGpib.dll introuvable ou non généré par la dernière édition de liens incrémentielle ; édition de liens complète en cours
            Création de la bibliothèque D:\Sylvain\Instru\SpinToolBox V2.6\src\\..\bin\debug\plugins\SDevice\SDeviceGpib.lib et de l'objet D:\Sylvain\Instru\SpinToolBox V2.6\src\\..\bin\debug\plugins\SDevice\SDeviceGpib.exp
         SDeviceGpib.vcxproj -> D:\Sylvain\Instru\SpinToolBox V2.6\src\\..\bin\debug\plugins\SDevice\SDeviceGpib.dll
       Manifest:
         C:\Program Files\Microsoft SDKs\Windows\v7.0A\bin\mt.exe /nologo /verbose /outputresource:"D:\Sylvain\Instru\SpinToolBox V2.6\src\\..\bin\debug\plugins\SDevice\\SDeviceGpib.dll;#2" /manifest "D:\Sylvain\Instru\SpinToolBox V2.6\src\..\bin\obj\SDeviceGpib\debug\SDeviceGpib.dll.intermediate.manifest"
       FinalizeBuildStatus:
         Suppression du fichier "D:\Sylvain\Instru\SpinToolBox V2.6\src\..\bin\obj\SDeviceGpib\debug\SDeviceGpib.unsuccessfulbuild".
         Mise à jour de l'horodatage "D:\Sylvain\Instru\SpinToolBox V2.6\src\..\bin\obj\SDeviceGpib\debug\SDeviceGpib.lastbuildstate".
     1>Génération du projet "D:\Sylvain\Instru\SpinToolBox V2.6\src\plugins\SDevice\SDeviceGpib\SDeviceGpib.vcxproj" terminée (build cible(s)).

La génération a réussi.

Temps écoulé 00:00:03.04
