La génération a démarré 29/08/2013 11:19:40.
     1>Projet "D:\Sylvain\Instru\SpinToolBox V2.6\src\plugins\SDevice\SDeviceK2400\SDeviceK2400.vcxproj" sur le nœud 2 (build cible(s)).
     1>InitializeBuildStatus:
         Création de "D:\Sylvain\Instru\SpinToolBox V2.6\src\..\bin\obj\SDeviceK2400\debug\SDeviceK2400.unsuccessfulbuild", car "AlwaysCreate" a été spécifié.
       CustomBuild:
         Toutes les sorties sont à jour.
       ClCompile:
         C:\Program Files\Microsoft Visual Studio 10.0\VC\bin\CL.exe /c /I.\GeneratedFiles /IC:\Qt\4.7.2\include /I.\GeneratedFiles\Debug /IC:\Qt\4.7.2\include\qtmain /IC:\Qt\4.7.2\include\QtCore /IC:\Qt\4.7.2\include\QtGui /IC:\Qt\4.7.2\include\QtScript /I.\ /I"D:\Sylvain\Instru\SpinToolBox V2.6\src\SDK\\" /Zi /nologo /W1 /WX- /Od /Oy- /D UNICODE /D WIN32 /D QT_LARGEFILE_SUPPORT /D QT_CORE_LIB /D QT_GUI_LIB /D QT_SCRIPT_LIB /D SDEVICEK2400_LIB /D _WINDLL /Gm- /EHsc /MDd /GS /fp:precise /Zc:wchar_t- /Zc:forScope /Fo"D:\Sylvain\Instru\SpinToolBox V2.6\src\..\bin\obj\SDeviceK2400\debug\\" /Fd"D:\Sylvain\Instru\SpinToolBox V2.6\src\..\bin\obj\SDeviceK2400\debug\vc100.pdb" /Gd /TP /analyze- /errorReport:prompt SDeviceK2400.cpp
         SDeviceK2400.cpp
       Link:
         C:\Program Files\Microsoft Visual Studio 10.0\VC\bin\link.exe /ERRORREPORT:PROMPT /OUT:"D:\Sylvain\Instru\SpinToolBox V2.6\src\\..\bin\debug\plugins\SDevice\\SDeviceK2400.dll" /NOLOGO /LIBPATH:C:\Qt\4.7.2\lib /LIBPATH:"D:\Sylvain\Instru\SpinToolBox V2.6\bin\lib\debug" qtmaind.lib QtCored4.lib QtGuid4.lib QtScriptd4.lib SpinToolBoxSDK.lib SpinToolBoxSDKDevice.lib kernel32.lib user32.lib gdi32.lib winspool.lib comdlg32.lib advapi32.lib shell32.lib ole32.lib oleaut32.lib uuid.lib odbc32.lib odbccp32.lib /MANIFEST /ManifestFile:"D:\Sylvain\Instru\SpinToolBox V2.6\src\..\bin\obj\SDeviceK2400\debug\SDeviceK2400.dll.intermediate.manifest" /MANIFESTUAC:"level='asInvoker' uiAccess='false'" /DEBUG /PDB:"D:\Sylvain\Instru\SpinToolBox V2.6\bin\debug\plugins\SDevice\SDeviceK2400.pdb" /SUBSYSTEM:WINDOWS /TLBID:1 /DYNAMICBASE /NXCOMPAT /IMPLIB:"D:\Sylvain\Instru\SpinToolBox V2.6\src\\..\bin\debug\plugins\SDevice\SDeviceK2400.lib" /MACHINE:X86 /DLL "D:\Sylvain\Instru\SpinToolBox V2.6\src\..\bin\obj\SDeviceK2400\debug\moc_SDeviceK2400.obj"
         "D:\Sylvain\Instru\SpinToolBox V2.6\src\..\bin\obj\SDeviceK2400\debug\moc_SUiCpK2400.obj"
         "D:\Sylvain\Instru\SpinToolBox V2.6\src\..\bin\obj\SDeviceK2400\debug\SDeviceK2400.obj"
         "D:\Sylvain\Instru\SpinToolBox V2.6\src\..\bin\obj\SDeviceK2400\debug\SUiCpK2400.obj"
         LINK : D:\Sylvain\Instru\SpinToolBox V2.6\src\\..\bin\debug\plugins\SDevice\\SDeviceK2400.dll introuvable ou non généré par la dernière édition de liens incrémentielle ; édition de liens complète en cours
            Création de la bibliothèque D:\Sylvain\Instru\SpinToolBox V2.6\src\\..\bin\debug\plugins\SDevice\SDeviceK2400.lib et de l'objet D:\Sylvain\Instru\SpinToolBox V2.6\src\\..\bin\debug\plugins\SDevice\SDeviceK2400.exp
         SDeviceK2400.vcxproj -> D:\Sylvain\Instru\SpinToolBox V2.6\src\\..\bin\debug\plugins\SDevice\SDeviceK2400.dll
       Manifest:
         C:\Program Files\Microsoft SDKs\Windows\v7.0A\bin\mt.exe /nologo /verbose /outputresource:"D:\Sylvain\Instru\SpinToolBox V2.6\src\\..\bin\debug\plugins\SDevice\\SDeviceK2400.dll;#2" /manifest "D:\Sylvain\Instru\SpinToolBox V2.6\src\..\bin\obj\SDeviceK2400\debug\SDeviceK2400.dll.intermediate.manifest"
       FinalizeBuildStatus:
         Suppression du fichier "D:\Sylvain\Instru\SpinToolBox V2.6\src\..\bin\obj\SDeviceK2400\debug\SDeviceK2400.unsuccessfulbuild".
         Mise à jour de l'horodatage "D:\Sylvain\Instru\SpinToolBox V2.6\src\..\bin\obj\SDeviceK2400\debug\SDeviceK2400.lastbuildstate".
     1>Génération du projet "D:\Sylvain\Instru\SpinToolBox V2.6\src\plugins\SDevice\SDeviceK2400\SDeviceK2400.vcxproj" terminée (build cible(s)).

La génération a réussi.

Temps écoulé 00:00:03.14
